<?xml version="1.0" encoding="UTF-8"?>
<testsuite name="junit5.TemperatureCalculatorTest" tests="1" skipped="0" failures="0" errors="0" timestamp="2020-10-27T02:50:10" hostname="DESKTOP-PEDTSVM" time="0.001">
  <properties/>
  <testcase name="toFahrenheitTest()" classname="junit5.TemperatureCalculatorTest" time="0.001"/>
  <system-out><![CDATA[@BeforeEach -> setUp()
@AfterEach -> tearDown()
]]></system-out>
  <system-err><![CDATA[]]></system-err>
</testsuite>
