<?xml version="1.0" encoding="UTF-8"?>
<testsuite name="mockito.AddCreateMock2Test" tests="1" skipped="0" failures="0" errors="0" timestamp="2020-10-27T02:50:10" hostname="DESKTOP-PEDTSVM" time="0.037">
  <properties/>
  <testcase name="addTest()" classname="mockito.AddCreateMock2Test" time="0.037"/>
  <system-out><![CDATA[]]></system-out>
  <system-err><![CDATA[]]></system-err>
</testsuite>
